<?xml version="1.0" encoding="UTF-8"?>
<!-- Generated by org.testng.reporters.JUnitReportReporter -->
<testsuite hostname="DESKTOP-RKFO49S" failures="0" tests="1" name="Test_API.TestPost" time="3.986" errors="0" timestamp="2024-11-23T20:02:49 PKT" skipped="0">
  <testcase classname="Test_API.TestPost" name="TC2" time="3.986"/>
  <system-out/>
</testsuite> <!-- Test_API.TestPost -->
