<?xml version="1.0" encoding="UTF-8"?>
<!-- Generated by org.testng.reporters.JUnitReportReporter -->
<testsuite hostname="DESKTOP-RKFO49S" failures="0" tests="1" name="Test_API.TestGet" time="4.655" errors="0" timestamp="2024-11-23T20:07:29 PKT" skipped="0">
  <testcase classname="Test_API.TestGet" name="TC1" time="4.655"/>
  <system-out/>
</testsuite> <!-- Test_API.TestGet -->
