<?xml version="1.0" encoding="UTF-8"?>
<!-- Generated by org.testng.reporters.JUnitReportReporter -->
<testsuite hostname="DESKTOP-12VRAHJ" failures="0" tests="1" name="Test_API2.TestDeleteUsers" time="4.490" errors="0" timestamp="2024-11-23T20:34:54 PKT" skipped="0">
  <testcase classname="Test_API2.TestDeleteUsers" name="TC4" time="4.490"/>
  <system-out/>
</testsuite> <!-- Test_API2.TestDeleteUsers -->
