<?xml version="1.0" encoding="UTF-8"?>
<!-- Generated by org.testng.reporters.JUnitReportReporter -->
<testsuite hostname="DESKTOP-12VRAHJ" failures="0" tests="1" name="Test_API2.TestPostUsers" time="5.105" errors="0" timestamp="2024-11-23T20:41:55 PKT" skipped="0">
  <testcase classname="Test_API2.TestPostUsers" name="TC2" time="5.105"/>
  <system-out/>
</testsuite> <!-- Test_API2.TestPostUsers -->
