<?xml version="1.0" encoding="UTF-8"?>
<!-- Generated by org.testng.reporters.JUnitReportReporter -->
<testsuite hostname="DESKTOP-RKFO49S" failures="0" tests="1" name="Test_API.TestPut" time="4.573" errors="0" timestamp="2024-11-23T20:03:03 PKT" skipped="0">
  <testcase classname="Test_API.TestPut" name="TC3" time="4.573"/>
  <system-out/>
</testsuite> <!-- Test_API.TestPut -->
