<?xml version="1.0" encoding="UTF-8"?>
<!-- Generated by org.testng.reporters.JUnitReportReporter -->
<testsuite hostname="DESKTOP-12VRAHJ" failures="0" tests="1" name="Test_API2.TestPutUsers" time="5.008" errors="0" timestamp="2024-11-23T20:44:17 PKT" skipped="0">
  <testcase classname="Test_API2.TestPutUsers" name="TC3" time="5.008"/>
  <system-out/>
</testsuite> <!-- Test_API2.TestPutUsers -->
