<?xml version="1.0" encoding="UTF-8"?>
<!-- Generated by org.testng.reporters.JUnitReportReporter -->
<testsuite hostname="DESKTOP-12VRAHJ" failures="0" tests="1" name="Test_API2.TestGetUsers" time="6.354" errors="0" timestamp="2024-11-23T20:30:45 PKT" skipped="0">
  <testcase classname="Test_API2.TestGetUsers" name="TC1" time="6.354"/>
  <system-out/>
</testsuite> <!-- Test_API2.TestGetUsers -->
